
> cleanhome@1.0.0 web
> expo start --web --port 8084

Starting project at C:\Users\myeon\CleanHome
React Compiler enabled
Starting Metro Bundler
Waiting on http://localhost:8084
Logs for your project will appear below.
Web node_modules\expo-router\entry.js ▓▓▓▓▓▓▓░░░░░░░░░ 49.8% (389/551)
λ node_modules\expo-router\node\render.js ▓▓▓▓▓▓▓▓▓░░░░░░░ 61.6% (467/595)
λ Bundled 3962ms node_modules\expo-router\node\render.js (1213 modules)
Web node_modules\expo-router\entry.js ▓▓▓▓▓▓▓▓▓▓▓▓▓▓▓░ 99.9% (1217/1217)
Web Bundled 7719ms node_modules\expo-router\entry.js (1217 modules)
Web node_modules\expo-router\entry.js ▓▓▓▓▓▓▓▓▓▓▓▓▓▓▓░ 99.9% (1217/1217)
Web Bundled 957ms node_modules\expo-router\entry.js (1198 modules)
 LOG  [web] Logs will appear in the browser console
Web node_modules\expo-router\entry.js ░░░░░░░░░░░░░░░░  0.0% (0/1)
λ Bundled 127ms node_modules\expo-router\node\render.js (1 module)
λ Bundled 78ms node_modules\expo-router\node\render.js (1 module)
Web Bundled 2142ms node_modules\expo-router\entry.js (1 module)
Web Bundled 1823ms node_modules\expo-router\entry.js (1 module)
